# JRE version: Java(TM) SE Runtime Environment (8.0_144-b01) (build 1.8.0_144-b01)
# Java VM: Java HotSpot(TM) 64-Bit Server VM (25.144-b01 mixed mode linux-amd64 compressed oops)
Heap:
 PSYoungGen      total 221696K, used 160K [0x00000000d6e00000, 0x00000000e4700000, 0x0000000100000000)
  eden space 221184K, 0% used [0x00000000d6e00000,0x00000000d6e00000,0x00000000e4600000)
  from space 512K, 31% used [0x00000000e4600000,0x00000000e4628000,0x00000000e4680000)
  to   space 512K, 0% used [0x00000000e4680000,0x00000000e4680000,0x00000000e4700000)
 ParOldGen       total 84992K, used 18266K [0x0000000084a00000, 0x0000000089d00000, 0x00000000d6e00000)
  object space 84992K, 21% used [0x0000000084a00000,0x0000000085bd6b18,0x0000000089d00000)
 Metaspace       used 13173K, capacity 13358K, committed 13568K, reserved 1060864K
  class space    used 1402K, capacity 1460K, committed 1536K, reserved 1048576K
GC Heap History (10 events):
Event: 41.183 GC heap after
Heap after GC invocations=102 (full 0):
 PSYoungGen      total 154112K, used 96K [0x00000000d6e00000, 0x00000000e0f00000, 0x0000000100000000)
  eden space 153600K, 0% used [0x00000000d6e00000,0x00000000d6e00000,0x00000000e0400000)
  from space 512K, 18% used [0x00000000e0480000,0x00000000e0498000,0x00000000e0500000)
  to   space 512K, 0% used [0x00000000e0400000,0x00000000e0400000,0x00000000e0480000)
 ParOldGen       total 84992K, used 18202K [0x0000000084a00000, 0x0000000089d00000, 0x00000000d6e00000)
  object space 84992K, 21% used [0x0000000084a00000,0x0000000085bc6b18,0x0000000089d00000)
 Metaspace       used 13173K, capacity 13358K, committed 13568K, reserved 1060864K
  class space    used 1402K, capacity 1460K, committed 1536K, reserved 1048576K
}
Event: 41.425 GC heap before
{Heap before GC invocations=103 (full 0):
 PSYoungGen      total 154112K, used 153696K [0x00000000d6e00000, 0x00000000e0f00000, 0x0000000100000000)
  eden space 153600K, 100% used [0x00000000d6e00000,0x00000000e0400000,0x00000000e0400000)
  from space 512K, 18% used [0x00000000e0480000,0x00000000e0498000,0x00000000e0500000)
  to   space 512K, 0% used [0x00000000e0400000,0x00000000e0400000,0x00000000e0480000)
 ParOldGen       total 84992K, used 18202K [0x0000000084a00000, 0x0000000089d00000, 0x00000000d6e00000)
  object space 84992K, 21% used [0x0000000084a00000,0x0000000085bc6b18,0x0000000089d00000)
 Metaspace       used 13173K, capacity 13358K, committed 13568K, reserved 1060864K
  class space    used 1402K, capacity 1460K, committed 1536K, reserved 1048576K
Event: 41.429 GC heap after
Heap after GC invocations=103 (full 0):
 PSYoungGen      total 154112K, used 96K [0x00000000d6e00000, 0x00000000e2300000, 0x0000000100000000)
  eden space 153600K, 0% used [0x00000000d6e00000,0x00000000d6e00000,0x00000000e0400000)
  from space 512K, 18% used [0x00000000e0400000,0x00000000e0418000,0x00000000e0480000)
  to   space 512K, 0% used [0x00000000e2280000,0x00000000e2280000,0x00000000e2300000)
 ParOldGen       total 84992K, used 18202K [0x0000000084a00000, 0x0000000089d00000, 0x00000000d6e00000)
  object space 84992K, 21% used [0x0000000084a00000,0x0000000085bc6b18,0x0000000089d00000)
 Metaspace       used 13173K, capacity 13358K, committed 13568K, reserved 1060864K
  class space    used 1402K, capacity 1460K, committed 1536K, reserved 1048576K
}
Event: 41.667 GC heap before
{Heap before GC invocations=104 (full 0):
 PSYoungGen      total 154112K, used 153696K [0x00000000d6e00000, 0x00000000e2300000, 0x0000000100000000)
  eden space 153600K, 100% used [0x00000000d6e00000,0x00000000e0400000,0x00000000e0400000)
  from space 512K, 18% used [0x00000000e0400000,0x00000000e0418000,0x00000000e0480000)
  to   space 512K, 0% used [0x00000000e2280000,0x00000000e2280000,0x00000000e2300000)
 ParOldGen       total 84992K, used 18202K [0x0000000084a00000, 0x0000000089d00000, 0x00000000d6e00000)
  object space 84992K, 21% used [0x0000000084a00000,0x0000000085bc6b18,0x0000000089d00000)
 Metaspace       used 13173K, capacity 13358K, committed 13568K, reserved 1060864K
  class space    used 1402K, capacity 1460K, committed 1536K, reserved 1048576K
Event: 41.670 GC heap after
Heap after GC invocations=104 (full 0):
 PSYoungGen      total 184832K, used 128K [0x00000000d6e00000, 0x00000000e2300000, 0x0000000100000000)
  eden space 184320K, 0% used [0x00000000d6e00000,0x00000000d6e00000,0x00000000e2200000)
  from space 512K, 25% used [0x00000000e2280000,0x00000000e22a0000,0x00000000e2300000)
  to   space 512K, 0% used [0x00000000e2200000,0x00000000e2200000,0x00000000e2280000)
 ParOldGen       total 84992K, used 18210K [0x0000000084a00000, 0x0000000089d00000, 0x00000000d6e00000)
  object space 84992K, 21% used [0x0000000084a00000,0x0000000085bc8b18,0x0000000089d00000)
 Metaspace       used 13173K, capacity 13358K, committed 13568K, reserved 1060864K
  class space    used 1402K, capacity 1460K, committed 1536K, reserved 1048576K
}
Event: 41.971 GC heap before
{Heap before GC invocations=105 (full 0):
 PSYoungGen      total 184832K, used 184448K [0x00000000d6e00000, 0x00000000e2300000, 0x0000000100000000)
  eden space 184320K, 100% used [0x00000000d6e00000,0x00000000e2200000,0x00000000e2200000)
  from space 512K, 25% used [0x00000000e2280000,0x00000000e22a0000,0x00000000e2300000)
  to   space 512K, 0% used [0x00000000e2200000,0x00000000e2200000,0x00000000e2280000)
 ParOldGen       total 84992K, used 18210K [0x0000000084a00000, 0x0000000089d00000, 0x00000000d6e00000)
  object space 84992K, 21% used [0x0000000084a00000,0x0000000085bc8b18,0x0000000089d00000)
 Metaspace       used 13173K, capacity 13358K, committed 13568K, reserved 1060864K
  class space    used 1402K, capacity 1460K, committed 1536K, reserved 1048576K
Event: 41.977 GC heap after
Heap after GC invocations=105 (full 0):
 PSYoungGen      total 184832K, used 128K [0x00000000d6e00000, 0x00000000e4700000, 0x0000000100000000)
  eden space 184320K, 0% used [0x00000000d6e00000,0x00000000d6e00000,0x00000000e2200000)
  from space 512K, 25% used [0x00000000e2200000,0x00000000e2220000,0x00000000e2280000)
  to   space 512K, 0% used [0x00000000e4680000,0x00000000e4680000,0x00000000e4700000)
 ParOldGen       total 84992K, used 18234K [0x0000000084a00000, 0x0000000089d00000, 0x00000000d6e00000)
  object space 84992K, 21% used [0x0000000084a00000,0x0000000085bceb18,0x0000000089d00000)
 Metaspace       used 13173K, capacity 13358K, committed 13568K, reserved 1060864K
  class space    used 1402K, capacity 1460K, committed 1536K, reserved 1048576K
}
Event: 42.271 GC heap before
{Heap before GC invocations=106 (full 0):
 PSYoungGen      total 184832K, used 184448K [0x00000000d6e00000, 0x00000000e4700000, 0x0000000100000000)
  eden space 184320K, 100% used [0x00000000d6e00000,0x00000000e2200000,0x00000000e2200000)
  from space 512K, 25% used [0x00000000e2200000,0x00000000e2220000,0x00000000e2280000)
  to   space 512K, 0% used [0x00000000e4680000,0x00000000e4680000,0x00000000e4700000)
 ParOldGen       total 84992K, used 18234K [0x0000000084a00000, 0x0000000089d00000, 0x00000000d6e00000)
  object space 84992K, 21% used [0x0000000084a00000,0x0000000085bceb18,0x0000000089d00000)
 Metaspace       used 13173K, capacity 13358K, committed 13568K, reserved 1060864K
  class space    used 1402K, capacity 1460K, committed 1536K, reserved 1048576K
Event: 42.273 GC heap after
Heap after GC invocations=106 (full 0):
 PSYoungGen      total 221696K, used 64K [0x00000000d6e00000, 0x00000000e4700000, 0x0000000100000000)
  eden space 221184K, 0% used [0x00000000d6e00000,0x00000000d6e00000,0x00000000e4600000)
  from space 512K, 12% used [0x00000000e4680000,0x00000000e4690000,0x00000000e4700000)
  to   space 512K, 0% used [0x00000000e4600000,0x00000000e4600000,0x00000000e4680000)
 ParOldGen       total 84992K, used 18258K [0x0000000084a00000, 0x0000000089d00000, 0x00000000d6e00000)
  object space 84992K, 21% used [0x0000000084a00000,0x0000000085bd4b18,0x0000000089d00000)
 Metaspace       used 13173K, capacity 13358K, committed 13568K, reserved 1060864K
  class space    used 1402K, capacity 1460K, committed 1536K, reserved 1048576K
}
Event: 42.814 GC heap before
{Heap before GC invocations=107 (full 0):
 PSYoungGen      total 221696K, used 221248K [0x00000000d6e00000, 0x00000000e4700000, 0x0000000100000000)
  eden space 221184K, 100% used [0x00000000d6e00000,0x00000000e4600000,0x00000000e4600000)
  from space 512K, 12% used [0x00000000e4680000,0x00000000e4690000,0x00000000e4700000)
  to   space 512K, 0% used [0x00000000e4600000,0x00000000e4600000,0x00000000e4680000)
 ParOldGen       total 84992K, used 18258K [0x0000000084a00000, 0x0000000089d00000, 0x00000000d6e00000)
  object space 84992K, 21% used [0x0000000084a00000,0x0000000085bd4b18,0x0000000089d00000)
 Metaspace       used 13173K, capacity 13358K, committed 13568K, reserved 1060864K
  class space    used 1402K, capacity 1460K, committed 1536K, reserved 1048576K

